<?xml version="1.0" encoding="UTF-8"?>
<testsuite xmlns:xsi="http://www.w3.org/2001/XMLSchema-instance" xsi:noNamespaceSchemaLocation="https://maven.apache.org/surefire/maven-surefire-plugin/xsd/surefire-test-report-3.0.xsd" version="3.0" name="com.eazybytes.loans.LoansApplicationTests" time="8.772" tests="1" errors="0" skipped="0" failures="0">
  <properties>
    <property name="java.specification.version" value="21"/>
    <property name="sun.cpu.isalist" value="amd64"/>
    <property name="sun.jnu.encoding" value="Cp1252"/>
    <property name="java.class.path" value="C:\Projects\microservice\section4\loans\target\test-classes;C:\Projects\microservice\section4\loans\target\classes;D:\xuzhi\localRepository\org\springframework\boot\spring-boot-starter-actuator\3.3.2\spring-boot-starter-actuator-3.3.2.jar;D:\xuzhi\localRepository\org\springframework\boot\spring-boot-starter\3.3.2\spring-boot-starter-3.3.2.jar;D:\xuzhi\localRepository\org\springframework\boot\spring-boot-starter-logging\3.3.2\spring-boot-starter-logging-3.3.2.jar;D:\xuzhi\localRepository\ch\qos\logback\logback-classic\1.5.6\logback-classic-1.5.6.jar;D:\xuzhi\localRepository\ch\qos\logback\logback-core\1.5.6\logback-core-1.5.6.jar;D:\xuzhi\localRepository\org\apache\logging\log4j\log4j-to-slf4j\2.23.1\log4j-to-slf4j-2.23.1.jar;D:\xuzhi\localRepository\org\apache\logging\log4j\log4j-api\2.23.1\log4j-api-2.23.1.jar;D:\xuzhi\localRepository\org\slf4j\jul-to-slf4j\2.0.13\jul-to-slf4j-2.0.13.jar;D:\xuzhi\localRepository\jakarta\annotation\jakarta.annotation-api\2.1.1\jakarta.annotation-api-2.1.1.jar;D:\xuzhi\localRepository\org\yaml\snakeyaml\2.2\snakeyaml-2.2.jar;D:\xuzhi\localRepository\org\springframework\boot\spring-boot-actuator-autoconfigure\3.3.2\spring-boot-actuator-autoconfigure-3.3.2.jar;D:\xuzhi\localRepository\org\springframework\boot\spring-boot-actuator\3.3.2\spring-boot-actuator-3.3.2.jar;D:\xuzhi\localRepository\com\fasterxml\jackson\core\jackson-databind\2.17.2\jackson-databind-2.17.2.jar;D:\xuzhi\localRepository\com\fasterxml\jackson\core\jackson-annotations\2.17.2\jackson-annotations-2.17.2.jar;D:\xuzhi\localRepository\com\fasterxml\jackson\core\jackson-core\2.17.2\jackson-core-2.17.2.jar;D:\xuzhi\localRepository\com\fasterxml\jackson\datatype\jackson-datatype-jsr310\2.17.2\jackson-datatype-jsr310-2.17.2.jar;D:\xuzhi\localRepository\io\micrometer\micrometer-observation\1.13.2\micrometer-observation-1.13.2.jar;D:\xuzhi\localRepository\io\micrometer\micrometer-commons\1.13.2\micrometer-commons-1.13.2.jar;D:\xuzhi\localRepository\io\micrometer\micrometer-jakarta9\1.13.2\micrometer-jakarta9-1.13.2.jar;D:\xuzhi\localRepository\io\micrometer\micrometer-core\1.13.2\micrometer-core-1.13.2.jar;D:\xuzhi\localRepository\org\hdrhistogram\HdrHistogram\2.2.2\HdrHistogram-2.2.2.jar;D:\xuzhi\localRepository\org\latencyutils\LatencyUtils\2.0.3\LatencyUtils-2.0.3.jar;D:\xuzhi\localRepository\org\springframework\boot\spring-boot-starter-data-jpa\3.3.2\spring-boot-starter-data-jpa-3.3.2.jar;D:\xuzhi\localRepository\org\springframework\boot\spring-boot-starter-aop\3.3.2\spring-boot-starter-aop-3.3.2.jar;D:\xuzhi\localRepository\org\springframework\spring-aop\6.1.11\spring-aop-6.1.11.jar;D:\xuzhi\localRepository\org\aspectj\aspectjweaver\1.9.22.1\aspectjweaver-1.9.22.1.jar;D:\xuzhi\localRepository\org\springframework\boot\spring-boot-starter-jdbc\3.3.2\spring-boot-starter-jdbc-3.3.2.jar;D:\xuzhi\localRepository\com\zaxxer\HikariCP\5.1.0\HikariCP-5.1.0.jar;D:\xuzhi\localRepository\org\springframework\spring-jdbc\6.1.11\spring-jdbc-6.1.11.jar;D:\xuzhi\localRepository\org\hibernate\orm\hibernate-core\6.5.2.Final\hibernate-core-6.5.2.Final.jar;D:\xuzhi\localRepository\jakarta\persistence\jakarta.persistence-api\3.1.0\jakarta.persistence-api-3.1.0.jar;D:\xuzhi\localRepository\jakarta\transaction\jakarta.transaction-api\2.0.1\jakarta.transaction-api-2.0.1.jar;D:\xuzhi\localRepository\org\jboss\logging\jboss-logging\3.5.3.Final\jboss-logging-3.5.3.Final.jar;D:\xuzhi\localRepository\org\hibernate\common\hibernate-commons-annotations\6.0.6.Final\hibernate-commons-annotations-6.0.6.Final.jar;D:\xuzhi\localRepository\io\smallrye\jandex\3.1.2\jandex-3.1.2.jar;D:\xuzhi\localRepository\com\fasterxml\classmate\1.7.0\classmate-1.7.0.jar;D:\xuzhi\localRepository\net\bytebuddy\byte-buddy\1.14.18\byte-buddy-1.14.18.jar;D:\xuzhi\localRepository\org\glassfish\jaxb\jaxb-runtime\4.0.5\jaxb-runtime-4.0.5.jar;D:\xuzhi\localRepository\org\glassfish\jaxb\jaxb-core\4.0.5\jaxb-core-4.0.5.jar;D:\xuzhi\localRepository\org\eclipse\angus\angus-activation\2.0.2\angus-activation-2.0.2.jar;D:\xuzhi\localRepository\org\glassfish\jaxb\txw2\4.0.5\txw2-4.0.5.jar;D:\xuzhi\localRepository\com\sun\istack\istack-commons-runtime\4.1.2\istack-commons-runtime-4.1.2.jar;D:\xuzhi\localRepository\jakarta\inject\jakarta.inject-api\2.0.1\jakarta.inject-api-2.0.1.jar;D:\xuzhi\localRepository\org\antlr\antlr4-runtime\4.13.0\antlr4-runtime-4.13.0.jar;D:\xuzhi\localRepository\org\springframework\data\spring-data-jpa\3.3.2\spring-data-jpa-3.3.2.jar;D:\xuzhi\localRepository\org\springframework\data\spring-data-commons\3.3.2\spring-data-commons-3.3.2.jar;D:\xuzhi\localRepository\org\springframework\spring-orm\6.1.11\spring-orm-6.1.11.jar;D:\xuzhi\localRepository\org\springframework\spring-context\6.1.11\spring-context-6.1.11.jar;D:\xuzhi\localRepository\org\springframework\spring-tx\6.1.11\spring-tx-6.1.11.jar;D:\xuzhi\localRepository\org\springframework\spring-beans\6.1.11\spring-beans-6.1.11.jar;D:\xuzhi\localRepository\org\slf4j\slf4j-api\2.0.13\slf4j-api-2.0.13.jar;D:\xuzhi\localRepository\org\springframework\spring-aspects\6.1.11\spring-aspects-6.1.11.jar;D:\xuzhi\localRepository\org\springframework\boot\spring-boot-starter-validation\3.3.2\spring-boot-starter-validation-3.3.2.jar;D:\xuzhi\localRepository\org\apache\tomcat\embed\tomcat-embed-el\10.1.26\tomcat-embed-el-10.1.26.jar;D:\xuzhi\localRepository\org\hibernate\validator\hibernate-validator\8.0.1.Final\hibernate-validator-8.0.1.Final.jar;D:\xuzhi\localRepository\jakarta\validation\jakarta.validation-api\3.0.2\jakarta.validation-api-3.0.2.jar;D:\xuzhi\localRepository\org\springframework\boot\spring-boot-starter-web\3.3.2\spring-boot-starter-web-3.3.2.jar;D:\xuzhi\localRepository\org\springframework\boot\spring-boot-starter-json\3.3.2\spring-boot-starter-json-3.3.2.jar;D:\xuzhi\localRepository\com\fasterxml\jackson\datatype\jackson-datatype-jdk8\2.17.2\jackson-datatype-jdk8-2.17.2.jar;D:\xuzhi\localRepository\com\fasterxml\jackson\module\jackson-module-parameter-names\2.17.2\jackson-module-parameter-names-2.17.2.jar;D:\xuzhi\localRepository\org\springframework\boot\spring-boot-starter-tomcat\3.3.2\spring-boot-starter-tomcat-3.3.2.jar;D:\xuzhi\localRepository\org\apache\tomcat\embed\tomcat-embed-core\10.1.26\tomcat-embed-core-10.1.26.jar;D:\xuzhi\localRepository\org\apache\tomcat\embed\tomcat-embed-websocket\10.1.26\tomcat-embed-websocket-10.1.26.jar;D:\xuzhi\localRepository\org\springframework\spring-web\6.1.11\spring-web-6.1.11.jar;D:\xuzhi\localRepository\org\springframework\spring-webmvc\6.1.11\spring-webmvc-6.1.11.jar;D:\xuzhi\localRepository\org\springframework\spring-expression\6.1.11\spring-expression-6.1.11.jar;D:\xuzhi\localRepository\org\springframework\boot\spring-boot-devtools\3.3.2\spring-boot-devtools-3.3.2.jar;D:\xuzhi\localRepository\org\springframework\boot\spring-boot\3.3.2\spring-boot-3.3.2.jar;D:\xuzhi\localRepository\org\springframework\boot\spring-boot-autoconfigure\3.3.2\spring-boot-autoconfigure-3.3.2.jar;D:\xuzhi\localRepository\com\h2database\h2\2.2.224\h2-2.2.224.jar;D:\xuzhi\localRepository\org\projectlombok\lombok\1.18.34\lombok-1.18.34.jar;D:\xuzhi\localRepository\org\springdoc\springdoc-openapi-starter-webmvc-ui\2.6.0\springdoc-openapi-starter-webmvc-ui-2.6.0.jar;D:\xuzhi\localRepository\org\springdoc\springdoc-openapi-starter-webmvc-api\2.6.0\springdoc-openapi-starter-webmvc-api-2.6.0.jar;D:\xuzhi\localRepository\org\springdoc\springdoc-openapi-starter-common\2.6.0\springdoc-openapi-starter-common-2.6.0.jar;D:\xuzhi\localRepository\io\swagger\core\v3\swagger-core-jakarta\2.2.22\swagger-core-jakarta-2.2.22.jar;D:\xuzhi\localRepository\org\apache\commons\commons-lang3\3.14.0\commons-lang3-3.14.0.jar;D:\xuzhi\localRepository\io\swagger\core\v3\swagger-annotations-jakarta\2.2.22\swagger-annotations-jakarta-2.2.22.jar;D:\xuzhi\localRepository\io\swagger\core\v3\swagger-models-jakarta\2.2.22\swagger-models-jakarta-2.2.22.jar;D:\xuzhi\localRepository\com\fasterxml\jackson\dataformat\jackson-dataformat-yaml\2.17.2\jackson-dataformat-yaml-2.17.2.jar;D:\xuzhi\localRepository\org\webjars\swagger-ui\5.17.14\swagger-ui-5.17.14.jar;D:\xuzhi\localRepository\org\springframework\boot\spring-boot-starter-test\3.3.2\spring-boot-starter-test-3.3.2.jar;D:\xuzhi\localRepository\org\springframework\boot\spring-boot-test\3.3.2\spring-boot-test-3.3.2.jar;D:\xuzhi\localRepository\org\springframework\boot\spring-boot-test-autoconfigure\3.3.2\spring-boot-test-autoconfigure-3.3.2.jar;D:\xuzhi\localRepository\com\jayway\jsonpath\json-path\2.9.0\json-path-2.9.0.jar;D:\xuzhi\localRepository\jakarta\xml\bind\jakarta.xml.bind-api\4.0.2\jakarta.xml.bind-api-4.0.2.jar;D:\xuzhi\localRepository\jakarta\activation\jakarta.activation-api\2.1.3\jakarta.activation-api-2.1.3.jar;D:\xuzhi\localRepository\net\minidev\json-smart\2.5.1\json-smart-2.5.1.jar;D:\xuzhi\localRepository\net\minidev\accessors-smart\2.5.1\accessors-smart-2.5.1.jar;D:\xuzhi\localRepository\org\ow2\asm\asm\9.6\asm-9.6.jar;D:\xuzhi\localRepository\org\assertj\assertj-core\3.25.3\assertj-core-3.25.3.jar;D:\xuzhi\localRepository\org\awaitility\awaitility\4.2.1\awaitility-4.2.1.jar;D:\xuzhi\localRepository\org\hamcrest\hamcrest\2.2\hamcrest-2.2.jar;D:\xuzhi\localRepository\org\junit\jupiter\junit-jupiter\5.10.3\junit-jupiter-5.10.3.jar;D:\xuzhi\localRepository\org\junit\jupiter\junit-jupiter-api\5.10.3\junit-jupiter-api-5.10.3.jar;D:\xuzhi\localRepository\org\opentest4j\opentest4j\1.3.0\opentest4j-1.3.0.jar;D:\xuzhi\localRepository\org\junit\platform\junit-platform-commons\1.10.3\junit-platform-commons-1.10.3.jar;D:\xuzhi\localRepository\org\apiguardian\apiguardian-api\1.1.2\apiguardian-api-1.1.2.jar;D:\xuzhi\localRepository\org\junit\jupiter\junit-jupiter-params\5.10.3\junit-jupiter-params-5.10.3.jar;D:\xuzhi\localRepository\org\junit\jupiter\junit-jupiter-engine\5.10.3\junit-jupiter-engine-5.10.3.jar;D:\xuzhi\localRepository\org\junit\platform\junit-platform-engine\1.10.3\junit-platform-engine-1.10.3.jar;D:\xuzhi\localRepository\org\mockito\mockito-core\5.11.0\mockito-core-5.11.0.jar;D:\xuzhi\localRepository\net\bytebuddy\byte-buddy-agent\1.14.18\byte-buddy-agent-1.14.18.jar;D:\xuzhi\localRepository\org\objenesis\objenesis\3.3\objenesis-3.3.jar;D:\xuzhi\localRepository\org\mockito\mockito-junit-jupiter\5.11.0\mockito-junit-jupiter-5.11.0.jar;D:\xuzhi\localRepository\org\skyscreamer\jsonassert\1.5.3\jsonassert-1.5.3.jar;D:\xuzhi\localRepository\com\vaadin\external\google\android-json\0.0.20131108.vaadin1\android-json-0.0.20131108.vaadin1.jar;D:\xuzhi\localRepository\org\springframework\spring-core\6.1.11\spring-core-6.1.11.jar;D:\xuzhi\localRepository\org\springframework\spring-jcl\6.1.11\spring-jcl-6.1.11.jar;D:\xuzhi\localRepository\org\springframework\spring-test\6.1.11\spring-test-6.1.11.jar;D:\xuzhi\localRepository\org\xmlunit\xmlunit-core\2.9.1\xmlunit-core-2.9.1.jar;"/>
    <property name="java.vm.vendor" value="OpenLogic"/>
    <property name="sun.arch.data.model" value="64"/>
    <property name="user.variant" value=""/>
    <property name="java.vendor.url" value="https://openlogic.com/"/>
    <property name="user.timezone" value="America/Chicago"/>
    <property name="org.jboss.logging.provider" value="slf4j"/>
    <property name="os.name" value="Windows 11"/>
    <property name="java.vm.specification.version" value="21"/>
    <property name="sun.java.launcher" value="SUN_STANDARD"/>
    <property name="user.country" value="US"/>
    <property name="sun.boot.library.path" value="C:\Programs\Java\openjdk-21\bin"/>
    <property name="sun.java.command" value="C:\Users\xuzhi\AppData\Local\Temp\surefire7770052144293156250\surefirebooter-20241119195735071_3.jar C:\Users\xuzhi\AppData\Local\Temp\surefire7770052144293156250 2024-11-19T19-57-34_927-jvmRun1 surefire-20241119195735071_1tmp surefire_0-20241119195735071_2tmp"/>
    <property name="jdk.debug" value="release"/>
    <property name="surefire.test.class.path" value="C:\Projects\microservice\section4\loans\target\test-classes;C:\Projects\microservice\section4\loans\target\classes;D:\xuzhi\localRepository\org\springframework\boot\spring-boot-starter-actuator\3.3.2\spring-boot-starter-actuator-3.3.2.jar;D:\xuzhi\localRepository\org\springframework\boot\spring-boot-starter\3.3.2\spring-boot-starter-3.3.2.jar;D:\xuzhi\localRepository\org\springframework\boot\spring-boot-starter-logging\3.3.2\spring-boot-starter-logging-3.3.2.jar;D:\xuzhi\localRepository\ch\qos\logback\logback-classic\1.5.6\logback-classic-1.5.6.jar;D:\xuzhi\localRepository\ch\qos\logback\logback-core\1.5.6\logback-core-1.5.6.jar;D:\xuzhi\localRepository\org\apache\logging\log4j\log4j-to-slf4j\2.23.1\log4j-to-slf4j-2.23.1.jar;D:\xuzhi\localRepository\org\apache\logging\log4j\log4j-api\2.23.1\log4j-api-2.23.1.jar;D:\xuzhi\localRepository\org\slf4j\jul-to-slf4j\2.0.13\jul-to-slf4j-2.0.13.jar;D:\xuzhi\localRepository\jakarta\annotation\jakarta.annotation-api\2.1.1\jakarta.annotation-api-2.1.1.jar;D:\xuzhi\localRepository\org\yaml\snakeyaml\2.2\snakeyaml-2.2.jar;D:\xuzhi\localRepository\org\springframework\boot\spring-boot-actuator-autoconfigure\3.3.2\spring-boot-actuator-autoconfigure-3.3.2.jar;D:\xuzhi\localRepository\org\springframework\boot\spring-boot-actuator\3.3.2\spring-boot-actuator-3.3.2.jar;D:\xuzhi\localRepository\com\fasterxml\jackson\core\jackson-databind\2.17.2\jackson-databind-2.17.2.jar;D:\xuzhi\localRepository\com\fasterxml\jackson\core\jackson-annotations\2.17.2\jackson-annotations-2.17.2.jar;D:\xuzhi\localRepository\com\fasterxml\jackson\core\jackson-core\2.17.2\jackson-core-2.17.2.jar;D:\xuzhi\localRepository\com\fasterxml\jackson\datatype\jackson-datatype-jsr310\2.17.2\jackson-datatype-jsr310-2.17.2.jar;D:\xuzhi\localRepository\io\micrometer\micrometer-observation\1.13.2\micrometer-observation-1.13.2.jar;D:\xuzhi\localRepository\io\micrometer\micrometer-commons\1.13.2\micrometer-commons-1.13.2.jar;D:\xuzhi\localRepository\io\micrometer\micrometer-jakarta9\1.13.2\micrometer-jakarta9-1.13.2.jar;D:\xuzhi\localRepository\io\micrometer\micrometer-core\1.13.2\micrometer-core-1.13.2.jar;D:\xuzhi\localRepository\org\hdrhistogram\HdrHistogram\2.2.2\HdrHistogram-2.2.2.jar;D:\xuzhi\localRepository\org\latencyutils\LatencyUtils\2.0.3\LatencyUtils-2.0.3.jar;D:\xuzhi\localRepository\org\springframework\boot\spring-boot-starter-data-jpa\3.3.2\spring-boot-starter-data-jpa-3.3.2.jar;D:\xuzhi\localRepository\org\springframework\boot\spring-boot-starter-aop\3.3.2\spring-boot-starter-aop-3.3.2.jar;D:\xuzhi\localRepository\org\springframework\spring-aop\6.1.11\spring-aop-6.1.11.jar;D:\xuzhi\localRepository\org\aspectj\aspectjweaver\1.9.22.1\aspectjweaver-1.9.22.1.jar;D:\xuzhi\localRepository\org\springframework\boot\spring-boot-starter-jdbc\3.3.2\spring-boot-starter-jdbc-3.3.2.jar;D:\xuzhi\localRepository\com\zaxxer\HikariCP\5.1.0\HikariCP-5.1.0.jar;D:\xuzhi\localRepository\org\springframework\spring-jdbc\6.1.11\spring-jdbc-6.1.11.jar;D:\xuzhi\localRepository\org\hibernate\orm\hibernate-core\6.5.2.Final\hibernate-core-6.5.2.Final.jar;D:\xuzhi\localRepository\jakarta\persistence\jakarta.persistence-api\3.1.0\jakarta.persistence-api-3.1.0.jar;D:\xuzhi\localRepository\jakarta\transaction\jakarta.transaction-api\2.0.1\jakarta.transaction-api-2.0.1.jar;D:\xuzhi\localRepository\org\jboss\logging\jboss-logging\3.5.3.Final\jboss-logging-3.5.3.Final.jar;D:\xuzhi\localRepository\org\hibernate\common\hibernate-commons-annotations\6.0.6.Final\hibernate-commons-annotations-6.0.6.Final.jar;D:\xuzhi\localRepository\io\smallrye\jandex\3.1.2\jandex-3.1.2.jar;D:\xuzhi\localRepository\com\fasterxml\classmate\1.7.0\classmate-1.7.0.jar;D:\xuzhi\localRepository\net\bytebuddy\byte-buddy\1.14.18\byte-buddy-1.14.18.jar;D:\xuzhi\localRepository\org\glassfish\jaxb\jaxb-runtime\4.0.5\jaxb-runtime-4.0.5.jar;D:\xuzhi\localRepository\org\glassfish\jaxb\jaxb-core\4.0.5\jaxb-core-4.0.5.jar;D:\xuzhi\localRepository\org\eclipse\angus\angus-activation\2.0.2\angus-activation-2.0.2.jar;D:\xuzhi\localRepository\org\glassfish\jaxb\txw2\4.0.5\txw2-4.0.5.jar;D:\xuzhi\localRepository\com\sun\istack\istack-commons-runtime\4.1.2\istack-commons-runtime-4.1.2.jar;D:\xuzhi\localRepository\jakarta\inject\jakarta.inject-api\2.0.1\jakarta.inject-api-2.0.1.jar;D:\xuzhi\localRepository\org\antlr\antlr4-runtime\4.13.0\antlr4-runtime-4.13.0.jar;D:\xuzhi\localRepository\org\springframework\data\spring-data-jpa\3.3.2\spring-data-jpa-3.3.2.jar;D:\xuzhi\localRepository\org\springframework\data\spring-data-commons\3.3.2\spring-data-commons-3.3.2.jar;D:\xuzhi\localRepository\org\springframework\spring-orm\6.1.11\spring-orm-6.1.11.jar;D:\xuzhi\localRepository\org\springframework\spring-context\6.1.11\spring-context-6.1.11.jar;D:\xuzhi\localRepository\org\springframework\spring-tx\6.1.11\spring-tx-6.1.11.jar;D:\xuzhi\localRepository\org\springframework\spring-beans\6.1.11\spring-beans-6.1.11.jar;D:\xuzhi\localRepository\org\slf4j\slf4j-api\2.0.13\slf4j-api-2.0.13.jar;D:\xuzhi\localRepository\org\springframework\spring-aspects\6.1.11\spring-aspects-6.1.11.jar;D:\xuzhi\localRepository\org\springframework\boot\spring-boot-starter-validation\3.3.2\spring-boot-starter-validation-3.3.2.jar;D:\xuzhi\localRepository\org\apache\tomcat\embed\tomcat-embed-el\10.1.26\tomcat-embed-el-10.1.26.jar;D:\xuzhi\localRepository\org\hibernate\validator\hibernate-validator\8.0.1.Final\hibernate-validator-8.0.1.Final.jar;D:\xuzhi\localRepository\jakarta\validation\jakarta.validation-api\3.0.2\jakarta.validation-api-3.0.2.jar;D:\xuzhi\localRepository\org\springframework\boot\spring-boot-starter-web\3.3.2\spring-boot-starter-web-3.3.2.jar;D:\xuzhi\localRepository\org\springframework\boot\spring-boot-starter-json\3.3.2\spring-boot-starter-json-3.3.2.jar;D:\xuzhi\localRepository\com\fasterxml\jackson\datatype\jackson-datatype-jdk8\2.17.2\jackson-datatype-jdk8-2.17.2.jar;D:\xuzhi\localRepository\com\fasterxml\jackson\module\jackson-module-parameter-names\2.17.2\jackson-module-parameter-names-2.17.2.jar;D:\xuzhi\localRepository\org\springframework\boot\spring-boot-starter-tomcat\3.3.2\spring-boot-starter-tomcat-3.3.2.jar;D:\xuzhi\localRepository\org\apache\tomcat\embed\tomcat-embed-core\10.1.26\tomcat-embed-core-10.1.26.jar;D:\xuzhi\localRepository\org\apache\tomcat\embed\tomcat-embed-websocket\10.1.26\tomcat-embed-websocket-10.1.26.jar;D:\xuzhi\localRepository\org\springframework\spring-web\6.1.11\spring-web-6.1.11.jar;D:\xuzhi\localRepository\org\springframework\spring-webmvc\6.1.11\spring-webmvc-6.1.11.jar;D:\xuzhi\localRepository\org\springframework\spring-expression\6.1.11\spring-expression-6.1.11.jar;D:\xuzhi\localRepository\org\springframework\boot\spring-boot-devtools\3.3.2\spring-boot-devtools-3.3.2.jar;D:\xuzhi\localRepository\org\springframework\boot\spring-boot\3.3.2\spring-boot-3.3.2.jar;D:\xuzhi\localRepository\org\springframework\boot\spring-boot-autoconfigure\3.3.2\spring-boot-autoconfigure-3.3.2.jar;D:\xuzhi\localRepository\com\h2database\h2\2.2.224\h2-2.2.224.jar;D:\xuzhi\localRepository\org\projectlombok\lombok\1.18.34\lombok-1.18.34.jar;D:\xuzhi\localRepository\org\springdoc\springdoc-openapi-starter-webmvc-ui\2.6.0\springdoc-openapi-starter-webmvc-ui-2.6.0.jar;D:\xuzhi\localRepository\org\springdoc\springdoc-openapi-starter-webmvc-api\2.6.0\springdoc-openapi-starter-webmvc-api-2.6.0.jar;D:\xuzhi\localRepository\org\springdoc\springdoc-openapi-starter-common\2.6.0\springdoc-openapi-starter-common-2.6.0.jar;D:\xuzhi\localRepository\io\swagger\core\v3\swagger-core-jakarta\2.2.22\swagger-core-jakarta-2.2.22.jar;D:\xuzhi\localRepository\org\apache\commons\commons-lang3\3.14.0\commons-lang3-3.14.0.jar;D:\xuzhi\localRepository\io\swagger\core\v3\swagger-annotations-jakarta\2.2.22\swagger-annotations-jakarta-2.2.22.jar;D:\xuzhi\localRepository\io\swagger\core\v3\swagger-models-jakarta\2.2.22\swagger-models-jakarta-2.2.22.jar;D:\xuzhi\localRepository\com\fasterxml\jackson\dataformat\jackson-dataformat-yaml\2.17.2\jackson-dataformat-yaml-2.17.2.jar;D:\xuzhi\localRepository\org\webjars\swagger-ui\5.17.14\swagger-ui-5.17.14.jar;D:\xuzhi\localRepository\org\springframework\boot\spring-boot-starter-test\3.3.2\spring-boot-starter-test-3.3.2.jar;D:\xuzhi\localRepository\org\springframework\boot\spring-boot-test\3.3.2\spring-boot-test-3.3.2.jar;D:\xuzhi\localRepository\org\springframework\boot\spring-boot-test-autoconfigure\3.3.2\spring-boot-test-autoconfigure-3.3.2.jar;D:\xuzhi\localRepository\com\jayway\jsonpath\json-path\2.9.0\json-path-2.9.0.jar;D:\xuzhi\localRepository\jakarta\xml\bind\jakarta.xml.bind-api\4.0.2\jakarta.xml.bind-api-4.0.2.jar;D:\xuzhi\localRepository\jakarta\activation\jakarta.activation-api\2.1.3\jakarta.activation-api-2.1.3.jar;D:\xuzhi\localRepository\net\minidev\json-smart\2.5.1\json-smart-2.5.1.jar;D:\xuzhi\localRepository\net\minidev\accessors-smart\2.5.1\accessors-smart-2.5.1.jar;D:\xuzhi\localRepository\org\ow2\asm\asm\9.6\asm-9.6.jar;D:\xuzhi\localRepository\org\assertj\assertj-core\3.25.3\assertj-core-3.25.3.jar;D:\xuzhi\localRepository\org\awaitility\awaitility\4.2.1\awaitility-4.2.1.jar;D:\xuzhi\localRepository\org\hamcrest\hamcrest\2.2\hamcrest-2.2.jar;D:\xuzhi\localRepository\org\junit\jupiter\junit-jupiter\5.10.3\junit-jupiter-5.10.3.jar;D:\xuzhi\localRepository\org\junit\jupiter\junit-jupiter-api\5.10.3\junit-jupiter-api-5.10.3.jar;D:\xuzhi\localRepository\org\opentest4j\opentest4j\1.3.0\opentest4j-1.3.0.jar;D:\xuzhi\localRepository\org\junit\platform\junit-platform-commons\1.10.3\junit-platform-commons-1.10.3.jar;D:\xuzhi\localRepository\org\apiguardian\apiguardian-api\1.1.2\apiguardian-api-1.1.2.jar;D:\xuzhi\localRepository\org\junit\jupiter\junit-jupiter-params\5.10.3\junit-jupiter-params-5.10.3.jar;D:\xuzhi\localRepository\org\junit\jupiter\junit-jupiter-engine\5.10.3\junit-jupiter-engine-5.10.3.jar;D:\xuzhi\localRepository\org\junit\platform\junit-platform-engine\1.10.3\junit-platform-engine-1.10.3.jar;D:\xuzhi\localRepository\org\mockito\mockito-core\5.11.0\mockito-core-5.11.0.jar;D:\xuzhi\localRepository\net\bytebuddy\byte-buddy-agent\1.14.18\byte-buddy-agent-1.14.18.jar;D:\xuzhi\localRepository\org\objenesis\objenesis\3.3\objenesis-3.3.jar;D:\xuzhi\localRepository\org\mockito\mockito-junit-jupiter\5.11.0\mockito-junit-jupiter-5.11.0.jar;D:\xuzhi\localRepository\org\skyscreamer\jsonassert\1.5.3\jsonassert-1.5.3.jar;D:\xuzhi\localRepository\com\vaadin\external\google\android-json\0.0.20131108.vaadin1\android-json-0.0.20131108.vaadin1.jar;D:\xuzhi\localRepository\org\springframework\spring-core\6.1.11\spring-core-6.1.11.jar;D:\xuzhi\localRepository\org\springframework\spring-jcl\6.1.11\spring-jcl-6.1.11.jar;D:\xuzhi\localRepository\org\springframework\spring-test\6.1.11\spring-test-6.1.11.jar;D:\xuzhi\localRepository\org\xmlunit\xmlunit-core\2.9.1\xmlunit-core-2.9.1.jar;"/>
    <property name="sun.cpu.endian" value="little"/>
    <property name="user.home" value="C:\Users\xuzhi"/>
    <property name="user.language" value="en"/>
    <property name="java.specification.vendor" value="Oracle Corporation"/>
    <property name="java.version.date" value="2024-04-16"/>
    <property name="java.home" value="C:\Programs\Java\openjdk-21"/>
    <property name="file.separator" value="\"/>
    <property name="basedir" value="C:\Projects\microservice\section4\loans"/>
    <property name="java.vm.compressedOopsMode" value="Zero based"/>
    <property name="line.separator" value="&#10;"/>
    <property name="java.vm.specification.vendor" value="Oracle Corporation"/>
    <property name="java.specification.name" value="Java Platform API Specification"/>
    <property name="FILE_LOG_CHARSET" value="UTF-8"/>
    <property name="java.awt.headless" value="true"/>
    <property name="surefire.real.class.path" value="C:\Users\xuzhi\AppData\Local\Temp\surefire7770052144293156250\surefirebooter-20241119195735071_3.jar"/>
    <property name="user.script" value=""/>
    <property name="sun.management.compiler" value="HotSpot 64-Bit Tiered Compilers"/>
    <property name="java.runtime.version" value="21.0.3+1-adhoc.Administrator.jdk21u"/>
    <property name="user.name" value="xuzhi"/>
    <property name="stdout.encoding" value="Cp1252"/>
    <property name="path.separator" value=";"/>
    <property name="os.version" value="10.0"/>
    <property name="java.runtime.name" value="OpenJDK Runtime Environment"/>
    <property name="file.encoding" value="UTF-8"/>
    <property name="java.vm.name" value="OpenJDK 64-Bit Server VM"/>
    <property name="java.vendor.version" value="OpenLogic-OpenJDK"/>
    <property name="localRepository" value="D:\xuzhi\localRepository"/>
    <property name="java.vendor.url.bug" value="https://techsupport.roguewave.com/"/>
    <property name="java.io.tmpdir" value="C:\Users\xuzhi\AppData\Local\Temp\"/>
    <property name="com.zaxxer.hikari.pool_number" value="1"/>
    <property name="java.version" value="21.0.3"/>
    <property name="user.dir" value="C:\Projects\microservice\section4\loans"/>
    <property name="os.arch" value="amd64"/>
    <property name="java.vm.specification.name" value="Java Virtual Machine Specification"/>
    <property name="PID" value="3772"/>
    <property name="sun.os.patch.level" value=""/>
    <property name="CONSOLE_LOG_CHARSET" value="UTF-8"/>
    <property name="native.encoding" value="Cp1252"/>
    <property name="java.library.path" value="C:\Programs\Java\openjdk-21\bin;C:\windows\Sun\Java\bin;C:\windows\system32;C:\windows;C:\Programs\Java\openjdk-21\bin;C:\Program Files (x86)\VMware\VMware Player\bin\;C:\Program Files (x86)\VMware\VMware Workstation\bin\;C:\windows\system32;C:\windows;C:\windows\System32\Wbem;C:\windows\System32\WindowsPowerShell\v1.0\;C:\windows\System32\OpenSSH\;D:\xuzhi\apache-maven-3.9.6\bin;C:\Program Files\nodejs\;D:\xuzhi\kafka-3.7.0-src\bin;D:\xuzhi\kafka-3.7.0-src\bin\windows;C:\Program Files\Java\jdk-21\bin;C:\Program Files\HP\HP One Agent;C:\Program Files\Git\cmd;C:\Program Files\Calibre2\;C:\Program Files\Docker\Docker\resources\bin;C:\Program Files\GitHub CLI\;C:\Program Files\MySQL\MySQL Shell 8.0\bin\;C:\Users\xuzhi\AppData\Local\Microsoft\WindowsApps;%PyCharm%;C:\Users\xuzhi\AppData\Local\Programs\Microsoft VS Code\bin;C:\Users\xuzhi\AppData\Roaming\npm;%HADOOP_HOME%bin;C:\Programs\Java\openjdk-21\bin;%HADOOP_HOME%sbin;%SPARK_HOME%bin;C:\Programs\nginx;C:\Programs\apache-maven-3.9.6\bin;;."/>
    <property name="java.vm.info" value="mixed mode, sharing"/>
    <property name="stderr.encoding" value="Cp1252"/>
    <property name="java.vendor" value="OpenLogic"/>
    <property name="java.vm.version" value="21.0.3+1-adhoc.Administrator.jdk21u"/>
    <property name="sun.io.unicode.encoding" value="UnicodeLittle"/>
    <property name="java.class.version" value="65.0"/>
  </properties>
  <testcase name="contextLoads" classname="com.eazybytes.loans.LoansApplicationTests" time="0.772">
    <system-out><![CDATA[19:57:36.313 [main] INFO org.springframework.test.context.support.AnnotationConfigContextLoaderUtils -- Could not detect default configuration classes for test class [com.eazybytes.loans.LoansApplicationTests]: LoansApplicationTests does not declare any static, non-private, non-final, nested classes annotated with @Configuration.
19:57:36.444 [main] INFO org.springframework.boot.test.context.SpringBootTestContextBootstrapper -- Found @SpringBootConfiguration com.eazybytes.loans.LoansApplication for test class com.eazybytes.loans.LoansApplicationTests
19:57:36.681 [main] INFO org.springframework.boot.devtools.restart.RestartApplicationListener -- Restart disabled due to context in which it is running

  .   ____          _            __ _ _
 /\\ / ___'_ __ _ _(_)_ __  __ _ \ \ \ \
( ( )\___ | '_ | '_| | '_ \/ _` | \ \ \ \
 \\/  ___)| |_)| | | | | || (_| |  ) ) ) )
  '  |____| .__|_| |_|_| |_\__, | / / / /
 =========|_|==============|___/=/_/_/_/

 :: Spring Boot ::                (v3.3.2)

2024-11-19T19:57:37.103-06:00  INFO 3772 --- [           main] c.eazybytes.loans.LoansApplicationTests  : Starting LoansApplicationTests using Java 21.0.3 with PID 3772 (started by xuzhi in C:\Projects\microservice\section4\loans)
2024-11-19T19:57:37.104-06:00  INFO 3772 --- [           main] c.eazybytes.loans.LoansApplicationTests  : No active profile set, falling back to 1 default profile: "default"
2024-11-19T19:57:38.775-06:00  INFO 3772 --- [           main] .s.d.r.c.RepositoryConfigurationDelegate : Bootstrapping Spring Data JPA repositories in DEFAULT mode.
2024-11-19T19:57:38.841-06:00  INFO 3772 --- [           main] .s.d.r.c.RepositoryConfigurationDelegate : Finished Spring Data repository scanning in 58 ms. Found 1 JPA repository interface.
2024-11-19T19:57:39.719-06:00  INFO 3772 --- [           main] com.zaxxer.hikari.HikariDataSource       : HikariPool-1 - Starting...
2024-11-19T19:57:39.974-06:00  INFO 3772 --- [           main] com.zaxxer.hikari.pool.HikariPool        : HikariPool-1 - Added connection conn0: url=jdbc:h2:mem:testdb user=SA
2024-11-19T19:57:39.976-06:00  INFO 3772 --- [           main] com.zaxxer.hikari.HikariDataSource       : HikariPool-1 - Start completed.
2024-11-19T19:57:40.189-06:00  INFO 3772 --- [           main] o.hibernate.jpa.internal.util.LogHelper  : HHH000204: Processing PersistenceUnitInfo [name: default]
2024-11-19T19:57:40.271-06:00  INFO 3772 --- [           main] org.hibernate.Version                    : HHH000412: Hibernate ORM core version 6.5.2.Final
2024-11-19T19:57:40.318-06:00  INFO 3772 --- [           main] o.h.c.internal.RegionFactoryInitiator    : HHH000026: Second-level cache disabled
2024-11-19T19:57:40.658-06:00  INFO 3772 --- [           main] o.s.o.j.p.SpringPersistenceUnitInfo      : No LoadTimeWeaver setup: ignoring JPA class transformer
2024-11-19T19:57:40.700-06:00  WARN 3772 --- [           main] org.hibernate.orm.deprecation            : HHH90000025: H2Dialect does not need to be specified explicitly using 'hibernate.dialect' (remove the property setting and it will be selected by default)
2024-11-19T19:57:41.541-06:00  INFO 3772 --- [           main] o.h.e.t.j.p.i.JtaPlatformInitiator       : HHH000489: No JTA platform available (set 'hibernate.transaction.jta.platform' to enable JTA platform integration)
Hibernate: alter table if exists loans alter column loan_id set data type bigint
Hibernate: alter table if exists loans alter column created_at set data type timestamp(6)
Hibernate: alter table if exists loans alter column created_by set data type varchar(255)
Hibernate: alter table if exists loans alter column updated_at set data type timestamp(6)
Hibernate: alter table if exists loans alter column updated_by set data type varchar(255)
Hibernate: alter table if exists loans alter column loan_number set data type varchar(255)
Hibernate: alter table if exists loans alter column loan_type set data type varchar(255)
Hibernate: alter table if exists loans alter column mobile_number set data type varchar(255)
2024-11-19T19:57:41.613-06:00  INFO 3772 --- [           main] j.LocalContainerEntityManagerFactoryBean : Initialized JPA EntityManagerFactory for persistence unit 'default'
2024-11-19T19:57:42.615-06:00  WARN 3772 --- [           main] JpaBaseConfiguration$JpaWebConfiguration : spring.jpa.open-in-view is enabled by default. Therefore, database queries may be performed during view rendering. Explicitly configure spring.jpa.open-in-view to disable this warning
2024-11-19T19:57:43.829-06:00  INFO 3772 --- [           main] o.s.b.a.h2.H2ConsoleAutoConfiguration    : H2 console available at '/h2-console'. Database available at 'jdbc:h2:mem:testdb'
2024-11-19T19:57:43.900-06:00  INFO 3772 --- [           main] o.s.b.a.e.web.EndpointLinksResolver      : Exposing 1 endpoint beneath base path '/actuator'
2024-11-19T19:57:44.011-06:00  INFO 3772 --- [           main] c.eazybytes.loans.LoansApplicationTests  : Started LoansApplicationTests in 7.352 seconds (process running for 8.539)
]]></system-out>
    <system-err><![CDATA[WARNING: A Java agent has been loaded dynamically (D:\xuzhi\localRepository\net\bytebuddy\byte-buddy-agent\1.14.18\byte-buddy-agent-1.14.18.jar)
WARNING: If a serviceability tool is in use, please run with -XX:+EnableDynamicAgentLoading to hide this warning
WARNING: If a serviceability tool is not in use, please run with -Djdk.instrument.traceUsage for more information
WARNING: Dynamic loading of agents will be disallowed by default in a future release
]]></system-err>
  </testcase>
</testsuite>